<?xml version="1.0" encoding="UTF-8"?>
<testsuite name="testing.MatrixSumTest" tests="1" skipped="0" failures="0" errors="0" timestamp="2017-10-03T19:36:42" hostname="brain" time="0.018">
  <properties/>
  <testcase name="createUserMatrix" classname="testing.MatrixSumTest" time="0.018"/>
  <system-out><![CDATA[The start matrix is: 
1 1 2 4 1 
4 3 1 2 1 
0 1 3 0 2 
0 1 1 0 4 
2 2 3 2 3 
]]></system-out>
  <system-err><![CDATA[]]></system-err>
</testsuite>
