<?xml version="1.0" encoding="UTF-8"?>
<testsuite name="testing.MatrixSumTest" tests="3" skipped="0" failures="0" errors="0" timestamp="2017-10-07T12:07:22" hostname="brain" time="0.01">
  <properties/>
  <testcase name="createUserMatrix" classname="testing.MatrixSumTest" time="0.009"/>
  <testcase name="calculateSum" classname="testing.MatrixSumTest" time="0.001"/>
  <testcase name="calculateSumNotNull" classname="testing.MatrixSumTest" time="0.0"/>
  <system-out><![CDATA[The start matrix is: 
4 4 2 3 2 
4 4 4 4 3 
4 1 4 0 4 
4 0 4 4 1 
1 1 0 0 2 
The sum on the main diagonal is: 0
The sum above main diagonal is: 0
The sum below main diagonal is: 0
The sum on the main diagonal is: 0
The sum above main diagonal is: 0
The sum below main diagonal is: 0
]]></system-out>
  <system-err><![CDATA[]]></system-err>
</testsuite>
