<?xml version="1.0" encoding="UTF-8"?>
<testsuite name="testing.SortingLibraryTest" tests="3" skipped="0" failures="0" errors="0" timestamp="2017-10-07T12:07:22" hostname="brain" time="0.006">
  <properties/>
  <testcase name="selection" classname="testing.SortingLibraryTest" time="0.003"/>
  <testcase name="bubble" classname="testing.SortingLibraryTest" time="0.002"/>
  <testcase name="insertion" classname="testing.SortingLibraryTest" time="0.001"/>
  <system-out><![CDATA[]]></system-out>
  <system-err><![CDATA[]]></system-err>
</testsuite>
