<?xml version="1.0" encoding="UTF-8"?>
<testsuite name="testing.CustomMatrixTest" tests="5" skipped="0" failures="0" errors="0" timestamp="2017-10-07T12:07:22" hostname="brain" time="0.022">
  <properties/>
  <testcase name="obtainNewMatrix" classname="testing.CustomMatrixTest" time="0.014"/>
  <testcase name="checkZeroMatrix" classname="testing.CustomMatrixTest" time="0.0"/>
  <testcase name="printObtainedMatrix" classname="testing.CustomMatrixTest" time="0.002"/>
  <testcase name="createMatrix" classname="testing.CustomMatrixTest" time="0.001"/>
  <testcase name="printZeroOrderMatrix" classname="testing.CustomMatrixTest" time="0.004"/>
  <system-out><![CDATA[The start square matrix is: 
-1262475771 1776236372 1671065260 348078105 1691891946 
1433028970 25917489 -143978389 2146276725 -510461778 
-1065229995 -64257853 -233318249 -2016894216 162660216 
-172621775 2012430257 1378216192 1571966490 368253291 
-397215671 32003581 -113563728 -1893819116 -1550043398 
The obtained square matrix is: 
-1262475771  1  1  1  1  
1  25917489  0  1  0  
0  0  -233318249  0  1  
1  1  1  1571966490  0  
0  0  0  0  -1550043398  
The start square matrix is: 
The start square matrix is: 
613510939 -1457231878 1994901073 747388421 82160622 
-1258167960 -267756089 252614380 1440615190 1315445159 
-1948831253 1183270686 -2083476499 876204041 -418371913 
-1321757163 -367174000 1205570586 -399493549 -345637472 
-914111038 -930946133 731004822 320778268 1772040975 
The obtained square matrix is: 
613510939  0  1  1  0  
0  -267756089  1  1  1  
0  1  -2083476499  1  1  
1  1  1  -399493549  1  
0  0  1  1  1772040975  
The start square matrix is: 
-1215703572 655080885 1651742465 306741584 -53634524 
-760272426 -1641707098 -485864404 -1527609121 -1668850974 
-509327108 -1910577731 -1546758682 1284374271 -1325933477 
1035052761 -1854085758 1991530418 688869743 -904711648 
336791926 -625941048 -1057897397 -750003069 512465199 
The start square matrix is: 
The obtained square matrix is: 
]]></system-out>
  <system-err><![CDATA[]]></system-err>
</testsuite>
